current directory: /Users/marziehfadaee/Projects/temp/vendor/bundle/ruby/2.6.0/gems/mini_racer-0.6.3/ext/mini_racer_extension
/System/Library/Frameworks/Ruby.framework/Versions/2.6/usr/bin/ruby -I /System/Library/Frameworks/Ruby.framework/Versions/2.6/usr/lib/ruby/2.6.0 -r ./siteconf20221129-35144-olxt08.rb extconf.rb
checking for -lpthread... yes
checking for -lobjc... yes
checking for whether -Wl,--exclude-libs=ALL  is accepted as LDFLAGS... no
creating Makefile

current directory: /Users/marziehfadaee/Projects/temp/vendor/bundle/ruby/2.6.0/gems/mini_racer-0.6.3/ext/mini_racer_extension
make "DESTDIR=" clean

current directory: /Users/marziehfadaee/Projects/temp/vendor/bundle/ruby/2.6.0/gems/mini_racer-0.6.3/ext/mini_racer_extension
make "DESTDIR="
compiling mini_racer_extension.cc
clang: warning: argument unused during compilation: '-rdynamic' [-Wunused-command-line-argument]
In file included from mini_racer_extension.cc:2:
In file included from /Library/Developer/CommandLineTools/SDKs/MacOSX.sdk/System/Library/Frameworks/Ruby.framework/Versions/2.6/usr/include/ruby-2.6.0/ruby.h:33:
In file included from /Library/Developer/CommandLineTools/SDKs/MacOSX.sdk/System/Library/Frameworks/Ruby.framework/Versions/2.6/usr/include/ruby-2.6.0/ruby/ruby.h:2111:
/Library/Developer/CommandLineTools/SDKs/MacOSX.sdk/System/Library/Frameworks/Ruby.framework/Versions/2.6/usr/include/ruby-2.6.0/ruby/intern.h:56:19: warning: 'register' storage class specifier is deprecated and incompatible with C++17 [-Wdeprecated-register]
void rb_mem_clear(register VALUE*, register long);
                  ^~~~~~~~~
/Library/Developer/CommandLineTools/SDKs/MacOSX.sdk/System/Library/Frameworks/Ruby.framework/Versions/2.6/usr/include/ruby-2.6.0/ruby/intern.h:56:36: warning: 'register' storage class specifier is deprecated and incompatible with C++17 [-Wdeprecated-register]
void rb_mem_clear(register VALUE*, register long);
                                   ^~~~~~~~~
2 warnings generated.
linking shared-object mini_racer_extension.bundle
clang: error: no such file or directory: '/Users/marziehfadaee/Projects/temp/vendor/bundle/ruby/2.6.0/gems/libv8-node-16.10.0.0-x86_64-darwin-19/vendor/v8/universal-darwin-19/libv8/obj/libv8_monolith.a'
make: *** [mini_racer_extension.bundle] Error 1

make failed, exit code 2
